2021-11-19 15:53:44,514:INFO:PyCaret Supervised Module
2021-11-19 15:53:44,515:INFO:ML Usecase: clustering
2021-11-19 15:53:44,515:INFO:version 2.3.4
2021-11-19 15:53:44,515:INFO:Initializing setup()
2021-11-19 15:53:44,515:INFO:setup(target=None, ml_usecase=clustering, available_plots={'cluster': 'Cluster PCA Plot (2d)', 'tsne': 'Cluster TSnE (3d)', 'elbow': 'Elbow', 'silhouette': 'Silhouette', 'distance': 'Distance', 'distribution': 'Distribution'}, train_size=0.7, test_data=None, preprocess=True, imputation_type=simple, iterative_imputation_iters=5, categorical_features=None, categorical_imputation=mode, categorical_iterative_imputer=lightgbm, ordinal_features=None, high_cardinality_features=None, high_cardinality_method=frequency, numeric_features=None, numeric_imputation=mean, numeric_iterative_imputer=lightgbm, date_features=None, ignore_features=None, normalize=True, normalize_method=zscore, transformation=False, transformation_method=yeo-johnson, handle_unknown_categorical=True, unknown_categorical_method=least_frequent, pca=True, pca_method=linear, pca_components=2, ignore_low_variance=False, combine_rare_levels=False, rare_level_threshold=0.1, bin_numeric_features=None, remove_outliers=False, outliers_threshold=0.05, remove_multicollinearity=False, multicollinearity_threshold=0.9, remove_perfect_collinearity=False, create_clusters=False, cluster_iter=20, polynomial_features=False, polynomial_degree=2, trigonometry_features=False, polynomial_threshold=0.1, group_features=None, group_names=None, feature_selection=False, feature_selection_threshold=0.8, feature_selection_method=classic, feature_interaction=False, feature_ratio=False, interaction_threshold=0.01, fix_imbalance=False, fix_imbalance_method=None, transform_target=False, transform_target_method=box-cox, data_split_shuffle=False, data_split_stratify=False, fold_strategy=kfold, fold=10, fold_shuffle=False, fold_groups=None, n_jobs=-1, use_gpu=False, custom_pipeline=None, html=True, session_id=None, log_experiment=False, experiment_name=None, log_plots=False, log_profile=False, log_data=False, silent=False, verbose=True, profile=False, profile_kwargs=None, display=None)
2021-11-19 15:53:44,515:INFO:Checking environment
2021-11-19 15:53:44,515:INFO:python_version: 3.8.8
2021-11-19 15:53:44,515:INFO:python_build: ('default', 'Apr 13 2021 19:58:26')
2021-11-19 15:53:44,515:INFO:machine: x86_64
2021-11-19 15:53:44,540:INFO:platform: Linux-5.11.0-37-generic-x86_64-with-glibc2.10
2021-11-19 15:53:44,540:WARNING:cannot find psutil installation. memory not traceable. Install psutil using pip to enable memory logging.
2021-11-19 15:53:44,540:INFO:Checking libraries
2021-11-19 15:53:44,540:INFO:pd==1.2.4
2021-11-19 15:53:44,540:INFO:numpy==1.19.5
2021-11-19 15:53:44,540:INFO:sklearn==0.23.2
2021-11-19 15:53:44,540:INFO:lightgbm==3.3.1
2021-11-19 15:53:44,540:WARNING:catboost not found
2021-11-19 15:53:44,541:WARNING:xgboost not found
2021-11-19 15:53:44,716:INFO:mlflow==1.21.0
2021-11-19 15:53:44,716:INFO:Checking Exceptions
2021-11-19 15:53:44,717:INFO:Declaring global variables
2021-11-19 15:53:44,717:INFO:USI: 936b
2021-11-19 15:53:44,717:INFO:pycaret_globals: {'seed', 'fold_groups_param', 'fix_imbalance_param', '_all_models_internal', '_ml_usecase', 'fold_shuffle_param', 'imputation_classifier', 'experiment__', 'fold_groups_param_full', 'display_container', 'data_before_preprocess', 'target_param', 'stratify_param', 'exp_name_log', 'logging_param', '_all_metrics', 'fold_param', 'html_param', 'prep_pipe', 'X', 'n_jobs_param', 'iterative_imputation_iters_param', '_internal_pipeline', '_all_models', 'transform_target_param', '_available_plots', 'pycaret_globals', '_gpu_n_jobs_param', 'transform_target_method_param', 'USI', 'create_model_container', 'imputation_regressor', 'fix_imbalance_method_param', 'master_model_container', 'gpu_param', 'fold_generator', 'log_plots_param'}
2021-11-19 15:53:44,717:INFO:Preparing display monitor
2021-11-19 15:53:44,717:INFO:Preparing display monitor
2021-11-19 15:53:44,723:INFO:Importing libraries
2021-11-19 15:53:44,723:INFO:Copying data for preprocessing
2021-11-19 15:53:44,735:INFO:Declaring preprocessing parameters
2021-11-19 15:53:44,765:INFO:Creating preprocessing pipeline
2021-11-19 15:53:44,964:INFO:Preprocessing pipeline created successfully
2021-11-19 15:53:44,965:ERROR:(Process Exit): setup has been interupted with user command 'quit'. setup must rerun.
2021-11-19 15:53:44,965:INFO:Creating global containers
2021-11-19 15:53:44,965:INFO:Internal pipeline: Pipeline(memory=None, steps=[('empty_step', 'passthrough')], verbose=False)
2021-11-19 15:54:13,866:INFO:PyCaret Supervised Module
2021-11-19 15:54:13,866:INFO:ML Usecase: clustering
2021-11-19 15:54:13,866:INFO:version 2.3.4
2021-11-19 15:54:13,866:INFO:Initializing setup()
2021-11-19 15:54:13,866:INFO:setup(target=None, ml_usecase=clustering, available_plots={'cluster': 'Cluster PCA Plot (2d)', 'tsne': 'Cluster TSnE (3d)', 'elbow': 'Elbow', 'silhouette': 'Silhouette', 'distance': 'Distance', 'distribution': 'Distribution'}, train_size=0.7, test_data=None, preprocess=True, imputation_type=simple, iterative_imputation_iters=5, categorical_features=None, categorical_imputation=mode, categorical_iterative_imputer=lightgbm, ordinal_features=None, high_cardinality_features=None, high_cardinality_method=frequency, numeric_features=None, numeric_imputation=mean, numeric_iterative_imputer=lightgbm, date_features=None, ignore_features=None, normalize=True, normalize_method=zscore, transformation=False, transformation_method=yeo-johnson, handle_unknown_categorical=True, unknown_categorical_method=least_frequent, pca=True, pca_method=linear, pca_components=2, ignore_low_variance=False, combine_rare_levels=False, rare_level_threshold=0.1, bin_numeric_features=None, remove_outliers=False, outliers_threshold=0.05, remove_multicollinearity=False, multicollinearity_threshold=0.9, remove_perfect_collinearity=False, create_clusters=False, cluster_iter=20, polynomial_features=False, polynomial_degree=2, trigonometry_features=False, polynomial_threshold=0.1, group_features=None, group_names=None, feature_selection=False, feature_selection_threshold=0.8, feature_selection_method=classic, feature_interaction=False, feature_ratio=False, interaction_threshold=0.01, fix_imbalance=False, fix_imbalance_method=None, transform_target=False, transform_target_method=box-cox, data_split_shuffle=False, data_split_stratify=False, fold_strategy=kfold, fold=10, fold_shuffle=False, fold_groups=None, n_jobs=-1, use_gpu=False, custom_pipeline=None, html=True, session_id=None, log_experiment=False, experiment_name=None, log_plots=False, log_profile=False, log_data=False, silent=False, verbose=True, profile=False, profile_kwargs=None, display=None)
2021-11-19 15:54:13,866:INFO:Checking environment
2021-11-19 15:54:13,866:INFO:python_version: 3.8.8
2021-11-19 15:54:13,866:INFO:python_build: ('default', 'Apr 13 2021 19:58:26')
2021-11-19 15:54:13,866:INFO:machine: x86_64
2021-11-19 15:54:13,906:INFO:platform: Linux-5.11.0-37-generic-x86_64-with-glibc2.10
2021-11-19 15:54:13,906:WARNING:cannot find psutil installation. memory not traceable. Install psutil using pip to enable memory logging.
2021-11-19 15:54:13,907:INFO:Checking libraries
2021-11-19 15:54:13,907:INFO:pd==1.2.4
2021-11-19 15:54:13,907:INFO:numpy==1.19.5
2021-11-19 15:54:13,907:INFO:sklearn==0.23.2
2021-11-19 15:54:13,907:INFO:lightgbm==3.3.1
2021-11-19 15:54:13,907:WARNING:catboost not found
2021-11-19 15:54:13,907:WARNING:xgboost not found
2021-11-19 15:54:14,200:INFO:mlflow==1.21.0
2021-11-19 15:54:14,200:INFO:Checking Exceptions
2021-11-19 15:54:14,200:INFO:Declaring global variables
2021-11-19 15:54:14,200:INFO:USI: b44d
2021-11-19 15:54:14,200:INFO:pycaret_globals: {'_all_metrics', 'stratify_param', 'n_jobs_param', '_ml_usecase', 'USI', 'transform_target_method_param', '_all_models_internal', 'experiment__', 'fold_shuffle_param', 'seed', 'transform_target_param', '_all_models', 'create_model_container', 'iterative_imputation_iters_param', '_gpu_n_jobs_param', 'logging_param', '_internal_pipeline', 'X', 'fold_param', 'html_param', 'fix_imbalance_param', 'log_plots_param', 'target_param', 'gpu_param', 'fix_imbalance_method_param', 'pycaret_globals', 'exp_name_log', 'imputation_classifier', 'fold_generator', 'fold_groups_param', 'prep_pipe', '_available_plots', 'imputation_regressor', 'display_container', 'data_before_preprocess', 'fold_groups_param_full', 'master_model_container'}
2021-11-19 15:54:14,201:INFO:Preparing display monitor
2021-11-19 15:54:14,201:INFO:Preparing display monitor
2021-11-19 15:54:14,209:INFO:Importing libraries
2021-11-19 15:54:14,209:INFO:Copying data for preprocessing
2021-11-19 15:54:14,217:INFO:Declaring preprocessing parameters
2021-11-19 15:54:14,229:INFO:Creating preprocessing pipeline
2021-11-19 15:54:14,604:INFO:Preprocessing pipeline created successfully
2021-11-19 15:54:14,604:ERROR:(Process Exit): setup has been interupted with user command 'quit'. setup must rerun.
2021-11-19 15:54:14,604:INFO:Creating global containers
2021-11-19 15:54:14,605:INFO:Internal pipeline: Pipeline(memory=None, steps=[('empty_step', 'passthrough')], verbose=False)
2021-11-19 15:54:41,224:INFO:Creating grid variables
2021-11-19 15:54:41,233:INFO:create_model_container: 0
2021-11-19 15:54:41,233:INFO:master_model_container: 0
2021-11-19 15:54:41,233:INFO:display_container: 1
2021-11-19 15:54:41,242:INFO:Pipeline(memory=None,
         steps=[('dtypes',
                 DataTypes_Auto_infer(categorical_features=[],
                                      display_types=True, features_todrop=[],
                                      id_columns=[], ml_usecase='regression',
                                      numerical_features=[],
                                      target='UNSUPERVISED_DUMMY_TARGET',
                                      time_features=[])),
                ('imputer',
                 Simple_Imputer(categorical_strategy='most frequent',
                                fill_value_categorical=None,
                                fill_value_numerical=None...
                ('dummy', Dummify(target='UNSUPERVISED_DUMMY_TARGET')),
                ('fix_perfect', 'passthrough'),
                ('clean_names', Clean_Colum_Names()),
                ('feature_select', 'passthrough'), ('fix_multi', 'passthrough'),
                ('dfs', 'passthrough'),
                ('pca',
                 Reduce_Dimensions_For_Supervised_Path(method='pca_liner',
                                                       random_state=5680,
                                                       target='UNSUPERVISED_DUMMY_TARGET',
                                                       variance_retained_or_number_of_components=None))],
         verbose=False)
2021-11-19 15:54:41,243:INFO:setup() succesfully completed......................................
2021-11-19 15:54:41,344:INFO:Initializing create_model()
2021-11-19 15:54:41,344:INFO:create_model(estimator=kmeans, num_clusters=3, fraction=0.05, ground_truth=None, round=4, fit_kwargs=None, verbose=True, system=True, add_to_model_list=True, raise_num_clusters=False, display=None, kwargs={})
2021-11-19 15:54:41,344:INFO:Checking exceptions
2021-11-19 15:54:41,345:INFO:Preparing display monitor
2021-11-19 15:54:41,364:INFO:Importing libraries
2021-11-19 15:54:41,377:INFO:Importing untrained model
2021-11-19 15:54:41,391:INFO:K-Means Clustering Imported succesfully
2021-11-19 15:54:41,405:INFO:Fitting Model
2021-11-19 15:59:55,919:INFO:PyCaret Supervised Module
2021-11-19 15:59:55,919:INFO:ML Usecase: clustering
2021-11-19 15:59:55,919:INFO:version 2.3.4
2021-11-19 15:59:55,919:INFO:Initializing setup()
2021-11-19 15:59:55,919:INFO:setup(target=None, ml_usecase=clustering, available_plots={'cluster': 'Cluster PCA Plot (2d)', 'tsne': 'Cluster TSnE (3d)', 'elbow': 'Elbow', 'silhouette': 'Silhouette', 'distance': 'Distance', 'distribution': 'Distribution'}, train_size=0.7, test_data=None, preprocess=True, imputation_type=simple, iterative_imputation_iters=5, categorical_features=None, categorical_imputation=mode, categorical_iterative_imputer=lightgbm, ordinal_features=None, high_cardinality_features=None, high_cardinality_method=frequency, numeric_features=None, numeric_imputation=mean, numeric_iterative_imputer=lightgbm, date_features=None, ignore_features=None, normalize=True, normalize_method=zscore, transformation=False, transformation_method=yeo-johnson, handle_unknown_categorical=True, unknown_categorical_method=least_frequent, pca=True, pca_method=linear, pca_components=2, ignore_low_variance=False, combine_rare_levels=False, rare_level_threshold=0.1, bin_numeric_features=None, remove_outliers=False, outliers_threshold=0.05, remove_multicollinearity=False, multicollinearity_threshold=0.9, remove_perfect_collinearity=False, create_clusters=False, cluster_iter=20, polynomial_features=False, polynomial_degree=2, trigonometry_features=False, polynomial_threshold=0.1, group_features=None, group_names=None, feature_selection=False, feature_selection_threshold=0.8, feature_selection_method=classic, feature_interaction=False, feature_ratio=False, interaction_threshold=0.01, fix_imbalance=False, fix_imbalance_method=None, transform_target=False, transform_target_method=box-cox, data_split_shuffle=False, data_split_stratify=False, fold_strategy=kfold, fold=10, fold_shuffle=False, fold_groups=None, n_jobs=-1, use_gpu=False, custom_pipeline=None, html=True, session_id=None, log_experiment=False, experiment_name=None, log_plots=False, log_profile=False, log_data=False, silent=False, verbose=True, profile=False, profile_kwargs=None, display=None)
2021-11-19 15:59:55,919:INFO:Checking environment
2021-11-19 15:59:55,919:INFO:python_version: 3.8.8
2021-11-19 15:59:55,919:INFO:python_build: ('default', 'Apr 13 2021 19:58:26')
2021-11-19 15:59:55,919:INFO:machine: x86_64
2021-11-19 15:59:55,950:INFO:platform: Linux-5.11.0-37-generic-x86_64-with-glibc2.10
2021-11-19 15:59:55,950:WARNING:cannot find psutil installation. memory not traceable. Install psutil using pip to enable memory logging.
2021-11-19 15:59:55,950:INFO:Checking libraries
2021-11-19 15:59:55,950:INFO:pd==1.2.4
2021-11-19 15:59:55,950:INFO:numpy==1.19.5
2021-11-19 15:59:55,950:INFO:sklearn==0.23.2
2021-11-19 15:59:55,950:INFO:lightgbm==3.3.1
2021-11-19 15:59:55,951:WARNING:catboost not found
2021-11-19 15:59:55,951:WARNING:xgboost not found
2021-11-19 15:59:56,140:INFO:mlflow==1.21.0
2021-11-19 15:59:56,140:INFO:Checking Exceptions
2021-11-19 15:59:56,140:INFO:Declaring global variables
2021-11-19 15:59:56,140:INFO:USI: 6933
2021-11-19 15:59:56,140:INFO:pycaret_globals: {'fold_groups_param_full', 'exp_name_log', 'pycaret_globals', '_all_models_internal', 'fix_imbalance_method_param', 'transform_target_param', 'prep_pipe', '_all_models', 'fold_shuffle_param', '_ml_usecase', 'fold_generator', 'seed', 'target_param', 'n_jobs_param', 'imputation_classifier', 'fix_imbalance_param', 'create_model_container', '_available_plots', 'gpu_param', 'master_model_container', 'logging_param', 'fold_param', 'transform_target_method_param', 'fold_groups_param', 'data_before_preprocess', '_internal_pipeline', 'html_param', 'USI', 'experiment__', '_gpu_n_jobs_param', 'log_plots_param', 'stratify_param', 'display_container', '_all_metrics', 'iterative_imputation_iters_param', 'imputation_regressor', 'X'}
2021-11-19 15:59:56,140:INFO:Preparing display monitor
2021-11-19 15:59:56,140:INFO:Preparing display monitor
2021-11-19 15:59:56,146:INFO:Importing libraries
2021-11-19 15:59:56,146:INFO:Copying data for preprocessing
2021-11-19 15:59:56,152:INFO:Declaring preprocessing parameters
2021-11-19 15:59:56,162:INFO:Creating preprocessing pipeline
2021-11-19 15:59:56,359:INFO:Preprocessing pipeline created successfully
2021-11-19 15:59:56,360:ERROR:(Process Exit): setup has been interupted with user command 'quit'. setup must rerun.
2021-11-19 15:59:56,360:INFO:Creating global containers
2021-11-19 15:59:56,364:INFO:Internal pipeline: Pipeline(memory=None, steps=[('empty_step', 'passthrough')], verbose=False)
2021-11-19 16:00:12,210:INFO:PyCaret Supervised Module
2021-11-19 16:00:12,210:INFO:ML Usecase: clustering
2021-11-19 16:00:12,210:INFO:version 2.3.4
2021-11-19 16:00:12,210:INFO:Initializing setup()
2021-11-19 16:00:12,210:INFO:setup(target=None, ml_usecase=clustering, available_plots={'cluster': 'Cluster PCA Plot (2d)', 'tsne': 'Cluster TSnE (3d)', 'elbow': 'Elbow', 'silhouette': 'Silhouette', 'distance': 'Distance', 'distribution': 'Distribution'}, train_size=0.7, test_data=None, preprocess=True, imputation_type=simple, iterative_imputation_iters=5, categorical_features=None, categorical_imputation=mode, categorical_iterative_imputer=lightgbm, ordinal_features=None, high_cardinality_features=None, high_cardinality_method=frequency, numeric_features=None, numeric_imputation=mean, numeric_iterative_imputer=lightgbm, date_features=None, ignore_features=None, normalize=True, normalize_method=zscore, transformation=False, transformation_method=yeo-johnson, handle_unknown_categorical=True, unknown_categorical_method=least_frequent, pca=True, pca_method=linear, pca_components=2, ignore_low_variance=False, combine_rare_levels=False, rare_level_threshold=0.1, bin_numeric_features=None, remove_outliers=False, outliers_threshold=0.05, remove_multicollinearity=False, multicollinearity_threshold=0.9, remove_perfect_collinearity=False, create_clusters=False, cluster_iter=20, polynomial_features=False, polynomial_degree=2, trigonometry_features=False, polynomial_threshold=0.1, group_features=None, group_names=None, feature_selection=False, feature_selection_threshold=0.8, feature_selection_method=classic, feature_interaction=False, feature_ratio=False, interaction_threshold=0.01, fix_imbalance=False, fix_imbalance_method=None, transform_target=False, transform_target_method=box-cox, data_split_shuffle=False, data_split_stratify=False, fold_strategy=kfold, fold=10, fold_shuffle=False, fold_groups=None, n_jobs=-1, use_gpu=False, custom_pipeline=None, html=True, session_id=None, log_experiment=False, experiment_name=None, log_plots=False, log_profile=False, log_data=False, silent=False, verbose=True, profile=False, profile_kwargs=None, display=None)
2021-11-19 16:00:12,210:INFO:Checking environment
2021-11-19 16:00:12,211:INFO:python_version: 3.8.8
2021-11-19 16:00:12,211:INFO:python_build: ('default', 'Apr 13 2021 19:58:26')
2021-11-19 16:00:12,211:INFO:machine: x86_64
2021-11-19 16:00:12,233:INFO:platform: Linux-5.11.0-37-generic-x86_64-with-glibc2.10
2021-11-19 16:00:12,234:WARNING:cannot find psutil installation. memory not traceable. Install psutil using pip to enable memory logging.
2021-11-19 16:00:12,234:INFO:Checking libraries
2021-11-19 16:00:12,234:INFO:pd==1.2.4
2021-11-19 16:00:12,234:INFO:numpy==1.19.5
2021-11-19 16:00:12,234:INFO:sklearn==0.23.2
2021-11-19 16:00:12,234:INFO:lightgbm==3.3.1
2021-11-19 16:00:12,234:WARNING:catboost not found
2021-11-19 16:00:12,234:WARNING:xgboost not found
2021-11-19 16:00:12,392:INFO:mlflow==1.21.0
2021-11-19 16:00:12,392:INFO:Checking Exceptions
2021-11-19 16:00:12,393:INFO:Declaring global variables
2021-11-19 16:00:12,393:INFO:USI: a7e4
2021-11-19 16:00:12,393:INFO:pycaret_globals: {'imputation_regressor', 'log_plots_param', 'fold_shuffle_param', '_gpu_n_jobs_param', 'iterative_imputation_iters_param', 'html_param', 'stratify_param', '_all_models_internal', '_available_plots', 'data_before_preprocess', '_all_metrics', 'n_jobs_param', 'display_container', '_all_models', 'exp_name_log', 'fold_groups_param_full', 'experiment__', 'master_model_container', 'transform_target_method_param', '_ml_usecase', 'seed', 'X', 'imputation_classifier', 'logging_param', 'create_model_container', 'USI', 'fix_imbalance_param', 'fold_groups_param', 'fold_generator', '_internal_pipeline', 'target_param', 'gpu_param', 'pycaret_globals', 'prep_pipe', 'fix_imbalance_method_param', 'transform_target_param', 'fold_param'}
2021-11-19 16:00:12,393:INFO:Preparing display monitor
2021-11-19 16:00:12,393:INFO:Preparing display monitor
2021-11-19 16:00:12,399:INFO:Importing libraries
2021-11-19 16:00:12,399:INFO:Copying data for preprocessing
2021-11-19 16:00:12,405:INFO:Declaring preprocessing parameters
2021-11-19 16:00:12,414:INFO:Creating preprocessing pipeline
2021-11-19 16:00:12,633:INFO:Preprocessing pipeline created successfully
2021-11-19 16:00:12,633:ERROR:(Process Exit): setup has been interupted with user command 'quit'. setup must rerun.
2021-11-19 16:00:12,633:INFO:Creating global containers
2021-11-19 16:00:12,634:INFO:Internal pipeline: Pipeline(memory=None, steps=[('empty_step', 'passthrough')], verbose=False)
2021-11-19 16:00:17,539:INFO:Creating grid variables
2021-11-19 16:00:17,546:INFO:create_model_container: 0
2021-11-19 16:00:17,546:INFO:master_model_container: 0
2021-11-19 16:00:17,546:INFO:display_container: 1
2021-11-19 16:00:17,567:INFO:Pipeline(memory=None,
         steps=[('dtypes',
                 DataTypes_Auto_infer(categorical_features=[],
                                      display_types=True, features_todrop=[],
                                      id_columns=[], ml_usecase='regression',
                                      numerical_features=[],
                                      target='UNSUPERVISED_DUMMY_TARGET',
                                      time_features=[])),
                ('imputer',
                 Simple_Imputer(categorical_strategy='most frequent',
                                fill_value_categorical=None,
                                fill_value_numerical=None...
                ('dummy', Dummify(target='UNSUPERVISED_DUMMY_TARGET')),
                ('fix_perfect', 'passthrough'),
                ('clean_names', Clean_Colum_Names()),
                ('feature_select', 'passthrough'), ('fix_multi', 'passthrough'),
                ('dfs', 'passthrough'),
                ('pca',
                 Reduce_Dimensions_For_Supervised_Path(method='pca_liner',
                                                       random_state=1642,
                                                       target='UNSUPERVISED_DUMMY_TARGET',
                                                       variance_retained_or_number_of_components=None))],
         verbose=False)
2021-11-19 16:00:17,567:INFO:setup() succesfully completed......................................
2021-11-19 16:00:17,635:INFO:Initializing create_model()
2021-11-19 16:00:17,635:INFO:create_model(estimator=kmeans, num_clusters=3, fraction=0.05, ground_truth=None, round=4, fit_kwargs=None, verbose=True, system=True, add_to_model_list=True, raise_num_clusters=False, display=None, kwargs={})
2021-11-19 16:00:17,635:INFO:Checking exceptions
2021-11-19 16:00:17,635:INFO:Preparing display monitor
2021-11-19 16:00:17,646:INFO:Importing libraries
2021-11-19 16:00:17,654:INFO:Importing untrained model
2021-11-19 16:00:17,661:INFO:K-Means Clustering Imported succesfully
2021-11-19 16:00:17,668:INFO:Fitting Model
2021-11-19 16:15:50,417:INFO:PyCaret Supervised Module
2021-11-19 16:15:50,418:INFO:ML Usecase: clustering
2021-11-19 16:15:50,418:INFO:version 2.3.4
2021-11-19 16:15:50,418:INFO:Initializing setup()
2021-11-19 16:15:50,418:INFO:setup(target=None, ml_usecase=clustering, available_plots={'cluster': 'Cluster PCA Plot (2d)', 'tsne': 'Cluster TSnE (3d)', 'elbow': 'Elbow', 'silhouette': 'Silhouette', 'distance': 'Distance', 'distribution': 'Distribution'}, train_size=0.7, test_data=None, preprocess=True, imputation_type=simple, iterative_imputation_iters=5, categorical_features=None, categorical_imputation=mode, categorical_iterative_imputer=lightgbm, ordinal_features=None, high_cardinality_features=None, high_cardinality_method=frequency, numeric_features=None, numeric_imputation=mean, numeric_iterative_imputer=lightgbm, date_features=None, ignore_features=None, normalize=True, normalize_method=zscore, transformation=False, transformation_method=yeo-johnson, handle_unknown_categorical=True, unknown_categorical_method=least_frequent, pca=True, pca_method=linear, pca_components=2, ignore_low_variance=False, combine_rare_levels=False, rare_level_threshold=0.1, bin_numeric_features=None, remove_outliers=False, outliers_threshold=0.05, remove_multicollinearity=False, multicollinearity_threshold=0.9, remove_perfect_collinearity=False, create_clusters=False, cluster_iter=20, polynomial_features=False, polynomial_degree=2, trigonometry_features=False, polynomial_threshold=0.1, group_features=None, group_names=None, feature_selection=False, feature_selection_threshold=0.8, feature_selection_method=classic, feature_interaction=False, feature_ratio=False, interaction_threshold=0.01, fix_imbalance=False, fix_imbalance_method=None, transform_target=False, transform_target_method=box-cox, data_split_shuffle=False, data_split_stratify=False, fold_strategy=kfold, fold=10, fold_shuffle=False, fold_groups=None, n_jobs=-1, use_gpu=False, custom_pipeline=None, html=True, session_id=None, log_experiment=False, experiment_name=None, log_plots=False, log_profile=False, log_data=False, silent=False, verbose=True, profile=False, profile_kwargs=None, display=None)
2021-11-19 16:15:50,418:INFO:Checking environment
2021-11-19 16:15:50,418:INFO:python_version: 3.8.8
2021-11-19 16:15:50,418:INFO:python_build: ('default', 'Apr 13 2021 19:58:26')
2021-11-19 16:15:50,418:INFO:machine: x86_64
2021-11-19 16:15:50,439:INFO:platform: Linux-5.11.0-37-generic-x86_64-with-glibc2.10
2021-11-19 16:15:50,439:WARNING:cannot find psutil installation. memory not traceable. Install psutil using pip to enable memory logging.
2021-11-19 16:15:50,439:INFO:Checking libraries
2021-11-19 16:15:50,439:INFO:pd==1.2.4
2021-11-19 16:15:50,439:INFO:numpy==1.19.5
2021-11-19 16:15:50,439:INFO:sklearn==0.23.2
2021-11-19 16:15:50,439:INFO:lightgbm==3.3.1
2021-11-19 16:15:50,439:WARNING:catboost not found
2021-11-19 16:15:50,439:WARNING:xgboost not found
2021-11-19 16:15:50,593:INFO:mlflow==1.21.0
2021-11-19 16:15:50,593:INFO:Checking Exceptions
2021-11-19 16:15:50,593:INFO:Declaring global variables
2021-11-19 16:15:50,593:INFO:USI: fd9f
2021-11-19 16:15:50,593:INFO:pycaret_globals: {'_all_metrics', 'iterative_imputation_iters_param', '_available_plots', 'exp_name_log', 'display_container', 'log_plots_param', 'target_param', 'data_before_preprocess', 'fold_param', '_ml_usecase', 'gpu_param', '_all_models', 'fix_imbalance_method_param', 'logging_param', 'X', 'fold_groups_param_full', 'transform_target_param', 'html_param', 'USI', 'imputation_classifier', 'fold_shuffle_param', 'stratify_param', '_all_models_internal', 'imputation_regressor', 'fix_imbalance_param', 'experiment__', 'n_jobs_param', 'master_model_container', 'fold_generator', '_gpu_n_jobs_param', 'prep_pipe', '_internal_pipeline', 'transform_target_method_param', 'fold_groups_param', 'create_model_container', 'pycaret_globals', 'seed'}
2021-11-19 16:15:50,593:INFO:Preparing display monitor
2021-11-19 16:15:50,593:INFO:Preparing display monitor
2021-11-19 16:15:50,599:INFO:Importing libraries
2021-11-19 16:15:50,599:INFO:Copying data for preprocessing
2021-11-19 16:15:50,605:INFO:Declaring preprocessing parameters
2021-11-19 16:15:50,613:INFO:Creating preprocessing pipeline
2021-11-19 16:15:50,783:INFO:Preprocessing pipeline created successfully
2021-11-19 16:15:50,783:ERROR:(Process Exit): setup has been interupted with user command 'quit'. setup must rerun.
2021-11-19 16:15:50,783:INFO:Creating global containers
2021-11-19 16:15:50,783:INFO:Internal pipeline: Pipeline(memory=None, steps=[('empty_step', 'passthrough')], verbose=False)
2021-11-19 16:16:15,256:INFO:Creating grid variables
2021-11-19 16:16:15,274:INFO:create_model_container: 0
2021-11-19 16:16:15,275:INFO:master_model_container: 0
2021-11-19 16:16:15,275:INFO:display_container: 1
2021-11-19 16:16:15,293:INFO:Pipeline(memory=None,
         steps=[('dtypes',
                 DataTypes_Auto_infer(categorical_features=[],
                                      display_types=True, features_todrop=[],
                                      id_columns=[], ml_usecase='regression',
                                      numerical_features=[],
                                      target='UNSUPERVISED_DUMMY_TARGET',
                                      time_features=[])),
                ('imputer',
                 Simple_Imputer(categorical_strategy='most frequent',
                                fill_value_categorical=None,
                                fill_value_numerical=None...
                ('dummy', Dummify(target='UNSUPERVISED_DUMMY_TARGET')),
                ('fix_perfect', 'passthrough'),
                ('clean_names', Clean_Colum_Names()),
                ('feature_select', 'passthrough'), ('fix_multi', 'passthrough'),
                ('dfs', 'passthrough'),
                ('pca',
                 Reduce_Dimensions_For_Supervised_Path(method='pca_liner',
                                                       random_state=2731,
                                                       target='UNSUPERVISED_DUMMY_TARGET',
                                                       variance_retained_or_number_of_components=None))],
         verbose=False)
2021-11-19 16:16:15,293:INFO:setup() succesfully completed......................................
2021-11-19 16:16:15,357:INFO:Initializing create_model()
2021-11-19 16:16:15,357:INFO:create_model(estimator=kmeans, num_clusters=3, fraction=0.05, ground_truth=None, round=4, fit_kwargs=None, verbose=True, system=True, add_to_model_list=True, raise_num_clusters=False, display=None, kwargs={})
2021-11-19 16:16:15,357:INFO:Checking exceptions
2021-11-19 16:16:15,357:INFO:Preparing display monitor
2021-11-19 16:16:15,368:INFO:Importing libraries
2021-11-19 16:16:15,376:INFO:Importing untrained model
2021-11-19 16:16:15,384:INFO:K-Means Clustering Imported succesfully
2021-11-19 16:16:15,391:INFO:Fitting Model
